app/proguard-rules.txt
# Add project specific ProGuard rules here.
# By default, the flags in this file are appended to flags specified
# in H:/Work/_env/android-sdk-windows/tools/proguard/proguard-android.txt
# You can edit the include path and order by changing the ProGuard
# include property in project.properties.
#
# For more details, see
#   http://developer.android.com/guide/developing/tools/proguard.html

# Add any project specific keep options here:

# If your project uses WebView with JS, uncomment the following
# and specify the fully qualified class name to the JavaScript interface
# class:
#-keepclassmembers class fqcn.of.javascript.interface.for.webview {
#   public *;
#}
-dontobfuscate

-keepattributes LineNumberTable,SourceFile
-keepattributes Signature,RuntimeVisibleAnnotations,AnnotationDefault

-printusage usage.txt
-printseeds seeds.txt

-keepclassmembers enum * { *; }

-keep class javax.persistence.** { *; }
-keep interface javax.persistence.** { *; }

-keep @javax.persistence.** class *
-keepclassmembers class * {
    @javax.persistence.** *;
}

-keep class org.greenrobot.eventbus.** { *; }
-keep interface org.greenrobot.eventbus.** { *; }

-keep @org.greenrobot.eventbus.** class *
-keepclassmembers class * {
    @org.greenrobot.eventbus.** *;
}

-keepclassmembers class * {
  @com.google.api.client.util.Key <fields>;
}

-keep class com.google.api.services.drive.model.** { *; }

-keep class * extends java.util.ListResourceBundle {
    protected Object[][] getContents();
}

-keep public class com.google.android.gms.common.internal.safeparcel.SafeParcelable {
    public static final *** NULL;
}

-keepnames @com.google.android.gms.common.annotation.KeepName class *
-keepclassmembernames class * {
    @com.google.android.gms.common.annotation.KeepName *;
}

-keepnames class * implements android.os.Parcelable {
    public static final ** CREATOR;
}

-keep class com.google.gson.reflect.TypeToken { *; }
-keep class * extends com.google.gson.reflect.TypeToken

-keep class io.github.mpstudios56.cifra.preference.** { *; }

-dontwarn edu.umd.cs.findbugs.annotations.SuppressFBWarnings