app/seeds.txt
tw.tib.financisto.db.DatabaseHelper$BlotterColumns
tw.tib.financisto.recur.RecurrenceViewFactory$MonthlyPattern
tw.tib.financisto.datetime.PeriodType$16
tw.tib.financisto.model.TransactionInfo
tw.tib.financisto.activity.ReportPreferencesFragment
tw.tib.financisto.activity.ExchangeRateActivity
tw.tib.financisto.activity.BlotterTotalsDetailsActivity
tw.tib.financisto.report.ReportType$12
tw.tib.financisto.report.ReportType$1
tw.tib.financisto.dialog.DatePickerTwinDialog
tw.tib.financisto.activity.MenuListItem$10
tw.tib.financisto.model.TransactionAttributeInfo
tw.tib.financisto.utils.MyPreferences$EntitySelectorType
tw.tib.financisto.activity.MassOpFragment$MassOp$6
tw.tib.financisto.activity.ExchangeRatesListActivity
tw.tib.financisto.recur.RecurrenceFrequency
tw.tib.financisto.preference.PinPreference
tw.tib.financisto.activity.MenuListItem$1
tw.tib.financisto.db.DatabaseHelper$CategoryColumns
tw.tib.financisto.activity.CategorySelector$SelectorType
tw.tib.financisto.report.ReportType$9
tw.tib.financisto.datetime.PeriodType$6
tw.tib.financisto.db.DatabaseHelper$TransactionColumns
tw.tib.financisto.activity.QifExportActivity
tw.tib.financisto.worker.AutoBackupWorker
tw.tib.financisto.activity.BudgetBlotterActivity
tw.tib.financisto.activity.BlotterActivity
tw.tib.financisto.activity.BlotterFragment$KeepTime
tw.tib.financisto.activity.ScheduledListActivity
tw.tib.financisto.utils.MyPreferences$TemplatesSortOrder
tw.tib.financisto.activity.RecurActivity
tw.tib.financisto.report.ReportType$10
tw.tib.financisto.activity.LocationsListActivity
tw.tib.financisto.utils.MyPreferences$AccountListDateType
tw.tib.financisto.activity.BlotterFilterActivity
tw.tib.financisto.report.ReportType$8
tw.tib.financisto.activity.MenuListItem$14
tw.tib.financisto.activity.NotificationOptionsActivity
tw.tib.financisto.model.SymbolFormat$1
tw.tib.financisto.datetime.PeriodType$8
tw.tib.financisto.recur.NotificationOptions$VibrationPattern
tw.tib.financisto.service.FinancistoService
tw.tib.financisto.Application
tw.tib.financisto.activity.RecurrenceActivity
tw.tib.financisto.model.Attribute
tw.tib.financisto.activity.MenuListItem$ImportExportEntities$2
tw.tib.financisto.activity.MenuListItem$7
tw.tib.financisto.datetime.PeriodType$5
tw.tib.financisto.activity.ReportPieChartActivity
tw.tib.financisto.activity.MenuListItem$16
tw.tib.financisto.model.SystemAttribute
tw.tib.financisto.activity.MenuListItem$MenuEntities
tw.tib.financisto.widget.QuickAmountInput
tw.tib.financisto.activity.MenuListItem$6
tw.tib.financisto.activity.MenuListItem$13
tw.tib.financisto.activity.ScheduledListFragment
tw.tib.financisto.activity.MenuListItem$15
tw.tib.financisto.report.IncomeExpense
tw.tib.financisto.activity.AbstractRecyclerViewFragment
tw.tib.financisto.activity.CategoryListActivity2
tw.tib.financisto.rates.ExchangeRateProviderFactory$1
tw.tib.financisto.activity.SplitsBlotterActivity
tw.tib.financisto.datetime.PeriodType$2
tw.tib.financisto.utils.RecurUtils$RecurPeriod$2
tw.tib.financisto.datetime.PeriodType$3
tw.tib.financisto.activity.MassOpFragment$MassOp$5
tw.tib.financisto.datetime.PeriodType$15
tw.tib.financisto.activity.AccountWidget4x1
tw.tib.financisto.activity.Report2DChartActivity
tw.tib.financisto.activity.MassOpFragment$MassOp
tw.tib.financisto.activity.AccountRecyclerFragment
tw.tib.financisto.model.Currency
tw.tib.financisto.activity.MassOpFragment$MassOp$4
tw.tib.financisto.report.ReportType$2
tw.tib.financisto.activity.SplitsBlotterFragment
tw.tib.financisto.activity.BudgetBlotterFragment
tw.tib.financisto.model.SmsTemplate
tw.tib.financisto.activity.DateFilterActivity
tw.tib.financisto.model.Project
tw.tib.financisto.filter.CriterionAdapter
tw.tib.financisto.utils.MyPreferences$AccountSortOrder
tw.tib.financisto.activity.PackageReplaceReceiver
tw.tib.financisto.datetime.PeriodType$13
tw.tib.financisto.report.ReportType$5
tw.tib.financisto.db.MyEntityManager$BudgetSortOrder
tw.tib.financisto.model.Category
...
com.google.ical.values.Weekday: int javaDayNum
com.google.api.services.drive.model.About: java.lang.Boolean appInstalled
androidx.work.ExistingPeriodicWorkPolicy: androidx.work.ExistingPeriodicWorkPolicy CANCEL_AND_REENQUEUE
org.greenrobot.eventbus.EventBusBuilder: java.util.concurrent.ExecutorService executorService
androidx.activity.result.ActivityResult: android.os.Parcelable$Creator CREATOR
com.google.api.services.drive.model.User: java.lang.String emailAddress
com.github.mikephil.charting.components.Legend$LegendOrientation: com.github.mikephil.charting.components.Legend$LegendOrientation VERTICAL
com.bumptech.glide.load.ImageHeaderParser$ImageType: com.bumptech.glide.load.ImageHeaderParser$ImageType PNG
com.fasterxml.jackson.core.JsonParser$Feature: com.fasterxml.jackson.core.JsonParser$Feature ALLOW_LEADING_PLUS_SIGN_FOR_NUMBERS
com.google.android.gms.internal.auth.zzby: com.google.android.gms.internal.auth.zzby zzG
com.dropbox.core.v2.auth.PaperAccessError: com.dropbox.core.v2.auth.PaperAccessError OTHER
com.google.api.services.drive.model.Drive$Restrictions: java.lang.Boolean sharingFoldersRequiresOrganizerPermission
org.apache.commons.codec.CodecPolicy: org.apache.commons.codec.CodecPolicy[] $VALUES
com.google.api.client.http.HttpHeaders: java.util.List cookie
com.dropbox.core.v2.fileproperties.TemplateError$Tag: com.dropbox.core.v2.fileproperties.TemplateError$Tag RESTRICTED_CONTENT
com.google.api.services.drive.model.Drive$Restrictions: java.lang.Boolean copyRequiresWriterPermission
com.google.common.base.AbstractIterator$State: com.google.common.base.AbstractIterator$State FAILED
org.greenrobot.eventbus.android.BuildConfig: boolean DEBUG
com.bumptech.glide.request.SingleRequest$Status: com.bumptech.glide.request.SingleRequest$Status FAILED
com.google.android.material.datepicker.MaterialCalendar$CalendarSelector: com.google.android.material.datepicker.MaterialCalendar$CalendarSelector DAY
android.support.v4.media.MediaBrowserCompat$MediaItem: android.os.Parcelable$Creator CREATOR
com.google.android.gms.internal.auth.zzdq: int zza
android.support.v4.os.ResultReceiver: android.os.Parcelable$Creator CREATOR
com.google.api.client.googleapis.media.MediaHttpDownloader$DownloadState: com.google.api.client.googleapis.media.MediaHttpDownloader$DownloadState MEDIA_COMPLETE
androidx.fragment.app.strictmode.FragmentStrictMode$Flag: androidx.fragment.app.strictmode.FragmentStrictMode$Flag PENALTY_DEATH
androidx.preference.Preference: boolean mHasSingleLineTitleAttr
com.google.api.services.drive.model.Revision: java.lang.String id
org.apache.commons.csv.Token$Type: org.apache.commons.csv.Token$Type EOF
androidx.fragment.app.Fragment: androidx.fragment.app.Fragment$AnimationInfo mAnimationInfo
com.google.android.gms.signin.internal.zak: android.os.Parcelable$Creator CREATOR
kotlinx.coroutines.selects.TrySelectDetailedResult: kotlinx.coroutines.selects.TrySelectDetailedResult ALREADY_SELECTED
org.greenrobot.eventbus.EventBusBuilder: boolean eventInheritance
com.bumptech.glide.load.engine.DecodeJob$Stage: com.bumptech.glide.load.engine.DecodeJob$Stage RESOURCE_CACHE
com.google.api.services.drive.model.App: java.lang.String name
com.dropbox.core.android.internal.TokenType: com.dropbox.core.android.internal.TokenType OAUTH2CODE
com.google.api.services.drive.Drive$Files$List: java.lang.Integer pageSize
androidx.preference.Preference: androidx.preference.PreferenceDataStore mPreferenceDataStore
com.google.api.client.googleapis.media.MediaHttpUploader$UploadState: com.google.api.client.googleapis.media.MediaHttpUploader$UploadState INITIATION_COMPLETE
com.google.api.client.http.UriTemplate$CompositeOutput: com.google.api.client.http.UriTemplate$CompositeOutput AMP
kotlinx.coroutines.channels.BufferedChannel: long sendersAndCloseStatus$volatile
androidx.lifecycle.Lifecycle$Event: androidx.lifecycle.Lifecycle$Event ON_RESUME
com.google.api.services.drive.model.ReplyList: java.lang.String kind