app/usage.txt
tw.tib.financisto.BuildConfig
tw.tib.financisto.MyEventBusIndex
tw.tib.financisto.R$anim
tw.tib.financisto.R$animator
tw.tib.financisto.R$array
tw.tib.financisto.R$attr
tw.tib.financisto.R$bool
tw.tib.financisto.R$color
tw.tib.financisto.R$dimen
tw.tib.financisto.R$drawable
tw.tib.financisto.R$id
tw.tib.financisto.R$integer
tw.tib.financisto.R$interpolator
tw.tib.financisto.R$layout
tw.tib.financisto.R$menu
tw.tib.financisto.R$mipmap
tw.tib.financisto.R$plurals
tw.tib.financisto.R$string
tw.tib.financisto.R$style
tw.tib.financisto.R$styleable
tw.tib.financisto.R$xml
tw.tib.financisto.R
tw.tib.financisto.activity.AbstractImportActivity:
    public static final int IMPORT_FILENAME_REQUESTCODE
    protected abstract void updateResultIntentFromUi(android.content.Intent)
tw.tib.financisto.activity.AbstractListActivity:
    protected static final int MENU_ADD
    protected static final int MENU_DELETE
    protected static final int MENU_EDIT
    protected static final int MENU_VIEW
    private static final java.lang.String TAG
tw.tib.financisto.activity.AbstractListFragment:
    protected static final int MENU_ADD
    protected static final int MENU_DELETE
    protected static final int MENU_EDIT
    protected static final int MENU_VIEW
    public void onActivityResult(int,int,android.content.Intent)
tw.tib.financisto.activity.AbstractRecyclerViewFragment:
    protected static final int MENU_ADD
    protected static final int MENU_DELETE
    protected static final int MENU_EDIT
    protected static final int MENU_VIEW
    private static final java.lang.String TAG
    protected java.util.List createContextMenus(long)
    protected abstract void deleteItem(android.view.View,int,long)
    protected abstract void editItem(android.view.View,int,long)
    public void integrityCheck()
    protected void onItemClick(android.view.View,int,long)
    public boolean onPopupItemSelected(int,android.view.View,int,long)
    protected abstract void viewItem(android.view.View,int,long)
tw.tib.financisto.activity.AbstractSyncActivity
tw.tib.financisto.activity.AbstractTotalsDetailsActivity:
    private static final java.lang.String TAG
tw.tib.financisto.activity.AbstractTransactionActivity:
    public static final java.lang.String ACCOUNT_ID_EXTRA
    public static final java.lang.String DATETIME_EXTRA
    public static final java.lang.String DUPLICATE_EXTRA
    public static final java.lang.String NEW_FROM_TEMPLATE_EXTRA
    protected static final java.lang.String NEW_PICTURE_URI
    private static final int NOTIFICATION_REQUEST
    private static final int PICTURE_REQUEST
    private static final int RECURRENCE_REQUEST
    public static final java.lang.String TAG
    public static final java.lang.String TEMPLATE_EXTRA
    public static final java.lang.String TRAN_ID_EXTRA
    private greendroid.widget.QuickActionWidget pickImageActionGrid
tw.tib.financisto.activity.AccountActivity:
    public static final java.lang.String ACCOUNT_ID_EXTRA
    public static final int EDIT_ACCOUNT_REQUEST
    private static final int NEW_CURRENCY_REQUEST
    public static final java.lang.String TAG
tw.tib.financisto.activity.AccountListFragment$1
tw.tib.financisto.activity.AccountListFragment$AccountTotalsCalculationTask
tw.tib.financisto.activity.AccountListFragment
tw.tib.financisto.activity.AccountListTotalsDetailsActivity:
    public static final java.lang.String FILTER
...
it.unimi.dsi.fastutil.objects.Object2BooleanArrayMap$EntrySet
it.unimi.dsi.fastutil.objects.Object2BooleanArrayMap$KeySet$1
it.unimi.dsi.fastutil.objects.Object2BooleanArrayMap$KeySet$KeySetSpliterator
it.unimi.dsi.fastutil.objects.Object2BooleanArrayMap$KeySet
it.unimi.dsi.fastutil.objects.Object2BooleanArrayMap$MapEntry
it.unimi.dsi.fastutil.objects.Object2BooleanArrayMap$ValuesCollection$1
it.unimi.dsi.fastutil.objects.Object2BooleanArrayMap$ValuesCollection$ValuesSpliterator
it.unimi.dsi.fastutil.objects.Object2BooleanArrayMap$ValuesCollection
it.unimi.dsi.fastutil.objects.Object2BooleanArrayMap
it.unimi.dsi.fastutil.objects.Object2BooleanFunction
it.unimi.dsi.fastutil.objects.Object2BooleanFunctions$EmptyFunction
it.unimi.dsi.fastutil.objects.Object2BooleanFunctions$PrimitiveFunction
it.unimi.dsi.fastutil.objects.Object2BooleanFunctions$Singleton
it.unimi.dsi.fastutil.objects.Object2BooleanFunctions$SynchronizedFunction
it.unimi.dsi.fastutil.objects.Object2BooleanFunctions$UnmodifiableFunction
it.unimi.dsi.fastutil.objects.Object2BooleanFunctions
it.unimi.dsi.fastutil.objects.Object2BooleanLinkedOpenCustomHashMap$1
it.unimi.dsi.fastutil.objects.Object2BooleanLinkedOpenCustomHashMap$EntryIterator
it.unimi.dsi.fastutil.objects.Object2BooleanLinkedOpenCustomHashMap$FastEntryIterator
it.unimi.dsi.fastutil.objects.Object2BooleanLinkedOpenCustomHashMap$KeyIterator
it.unimi.dsi.fastutil.objects.Object2BooleanLinkedOpenCustomHashMap$KeySet
it.unimi.dsi.fastutil.objects.Object2BooleanLinkedOpenCustomHashMap$MapEntry
it.unimi.dsi.fastutil.objects.Object2BooleanLinkedOpenCustomHashMap$MapEntrySet
it.unimi.dsi.fastutil.objects.Object2BooleanLinkedOpenCustomHashMap$MapIterator
it.unimi.dsi.fastutil.objects.Object2BooleanLinkedOpenCustomHashMap$ValueIterator
it.unimi.dsi.fastutil.objects.Object2BooleanLinkedOpenCustomHashMap
it.unimi.dsi.fastutil.objects.Object2BooleanLinkedOpenHashMap$1
it.unimi.dsi.fastutil.objects.Object2BooleanLinkedOpenHashMap$EntryIterator
it.unimi.dsi.fastutil.objects.Object2BooleanLinkedOpenHashMap$FastEntryIterator
it.unimi.dsi.fastutil.objects.Object2BooleanLinkedOpenHashMap$KeyIterator
it.unimi.dsi.fastutil.objects.Object2BooleanLinkedOpenHashMap$KeySet
it.unimi.dsi.fastutil.objects.Object2BooleanLinkedOpenHashMap$MapEntry
it.unimi.dsi.fastutil.objects.Object2BooleanLinkedOpenHashMap$MapEntrySet
it.unimi.dsi.fastutil.objects.Object2BooleanLinkedOpenHashMap$MapIterator
it.unimi.dsi.fastutil.objects.Object2BooleanLinkedOpenHashMap$ValueIterator
it.unimi.dsi.fastutil.objects.Object2BooleanLinkedOpenHashMap
it.unimi.dsi.fastutil.objects.Object2BooleanMap$Entry
it.unimi.dsi.fastutil.objects.Object2BooleanMap$FastEntrySet
it.unimi.dsi.fastutil.objects.Object2BooleanMap
it.unimi.dsi.fastutil.objects.Object2BooleanMaps$1
it.unimi.dsi.fastutil.objects.Object2BooleanMaps$EmptyMap
it.unimi.dsi.fastutil.objects.Object2BooleanMaps$Singleton
it.unimi.dsi.fastutil.objects.Object2BooleanMaps$SynchronizedMap
it.unimi.dsi.fastutil.objects.Object2BooleanMaps$UnmodifiableMap
it.unimi.dsi.fastutil.objects.Object2BooleanMaps
it.unimi.dsi.fastutil.objects.Object2BooleanOpenCustomHashMap$1
it.unimi.dsi.fastutil.objects.Object2BooleanOpenCustomHashMap$EntryIterator
it.unimi.dsi.fastutil.objects.Object2BooleanOpenCustomHashMap$EntrySpliterator
it.unimi.dsi.fastutil.objects.Object2BooleanOpenCustomHashMap$FastEntryIterator
it.unimi.dsi.fastutil.objects.Object2BooleanOpenCustomHashMap$KeyIterator
it.unimi.dsi.fastutil.objects.Object2BooleanOpenCustomHashMap$KeySet
it.unimi.dsi.fastutil.objects.Object2BooleanOpenCustomHashMap$KeySpliterator
it.unimi.dsi.fastutil.objects.Object2BooleanOpenCustomHashMap$MapEntry
it.unimi.dsi.fastutil.objects.Object2BooleanOpenCustomHashMap$MapEntrySet
it.unimi.dsi.fastutil.objects.Object2BooleanOpenCustomHashMap$MapIterator
it.unimi.dsi.fastutil.objects.Object2BooleanOpenCustomHashMap$MapSpliterator
it.unimi.dsi.fastutil.objects.Object2BooleanOpenCustomHashMap$ValueIterator